[17:26:56] [main/INFO]: Setting user: Player541
[17:26:56] [Client thread/INFO]: LWJGL Version: 2.9.1
[17:26:59] [Client thread/INFO]: Reloading ResourceManager: Default, FMLFileResourcePack:Forge Mod Loader, FMLFileResourcePack:Minecraft Forge, FMLFileResourcePack:Elemental Souls
[17:27:00] [Sound Library Loader/INFO]: Sound engine started
[17:27:01] [Client thread/INFO]: Created: 512x256 textures/blocks-atlas
[17:27:01] [Client thread/INFO]: Created: 256x256 textures/items-atlas
[17:27:01] [Client thread/INFO]: Reloading ResourceManager: Default, FMLFileResourcePack:Forge Mod Loader, FMLFileResourcePack:Minecraft Forge, FMLFileResourcePack:Elemental Souls
[17:27:01] [Client thread/INFO]: Created: 256x256 textures/items-atlas
[17:27:01] [Client thread/INFO]: Created: 512x256 textures/blocks-atlas
[17:27:02] [Sound Library Loader/INFO]: Sound engine started
[17:27:04] [Server thread/INFO]: Starting integrated minecraft server version 1.7.10
[17:27:04] [Server thread/INFO]: Generating keypair
[17:27:04] [Server thread/INFO]: Preparing start region for level 0
[17:27:05] [Server thread/INFO]: Changing view distance to 12, from 10
[17:27:05] [Server thread/INFO]: Player541[local:E:376fde78] logged in with entity id 69 at (1.4583215495477253, 66.0, 243.16312639198645)
[17:27:05] [Server thread/INFO]: Player541 joined the game
[17:27:09] [Server thread/INFO]: Player541 has just earned the achievement [Taking Inventory]
[17:27:10] [Client thread/INFO]: [CHAT] Player541 has just earned the achievement [Taking Inventory]
[17:28:33] [Client thread/INFO]: Stopping!
[17:28:33] [Server thread/INFO]: Stopping server
[17:28:33] [Server thread/INFO]: Saving players
[17:28:33] [Server thread/INFO]: Saving worlds
[17:28:33] [Server thread/INFO]: Saving chunks for level 'New World'/Overworld
[17:28:33] [Server thread/INFO]: Saving chunks for level 'New World'/Nether
[17:28:33] [Server thread/INFO]: Saving chunks for level 'New World'/The End
